<?xml version="1.0" encoding="UTF-8"?>
<!-- Generated by org.testng.reporters.JUnitReportReporter -->
<testsuite hostname="DESKTOP-LJK526Q" failures="0" tests="1" name="qa.testNG.Testcase1" time="16.172" errors="0" timestamp="2024-08-15T17:37:51 CEST" skipped="0">
  <testcase classname="qa.testNG.Testcase1" name="testGoogleSearchAndDemoqa" time="16.172"/>
</testsuite> <!-- qa.testNG.Testcase1 -->
